2014-09-25 07:50:31 Error: [MissingControllerException] Controller class CakeunittestController could not be found.
Exception Attributes: array (
  'class' => 'CakeunittestController',
  'plugin' => NULL,
)
Request URL: /cakeUnitTest/public/cakeunittest/public/
Stack Trace:
#0 /vagrant/cakeUnitTest/public/webroot/index.php(110): Dispatcher->dispatch(Object(CakeRequest), Object(CakeResponse))
#1 {main}
2014-09-25 07:50:33 Error: [MissingControllerException] Controller class CakeUnitTestController could not be found.
Exception Attributes: array (
  'class' => 'CakeUnitTestController',
  'plugin' => NULL,
)
Request URL: /cakeUnitTest/public/cakeUnitTest/public/favicon.ico
Stack Trace:
#0 /vagrant/cakeUnitTest/public/webroot/index.php(110): Dispatcher->dispatch(Object(CakeRequest), Object(CakeResponse))
#1 {main}
2014-09-25 07:50:34 Error: [MissingControllerException] Controller class CakeUnitTestController could not be found.
Exception Attributes: array (
  'class' => 'CakeUnitTestController',
  'plugin' => NULL,
)
Request URL: /cakeUnitTest/public/cakeUnitTest/public/favicon.ico
Stack Trace:
#0 /vagrant/cakeUnitTest/public/webroot/index.php(110): Dispatcher->dispatch(Object(CakeRequest), Object(CakeResponse))
#1 {main}
2014-09-25 07:51:23 Error: [MissingControllerException] Controller class CakeunittestController could not be found.
Exception Attributes: array (
  'class' => 'CakeunittestController',
  'plugin' => NULL,
)
Request URL: /cakeUnitTest/public/cakeunittest/
Stack Trace:
#0 /vagrant/cakeUnitTest/public/webroot/index.php(110): Dispatcher->dispatch(Object(CakeRequest), Object(CakeResponse))
#1 {main}
2014-09-25 07:51:25 Error: [MissingControllerException] Controller class CakeUnitTestController could not be found.
Exception Attributes: array (
  'class' => 'CakeUnitTestController',
  'plugin' => NULL,
)
Request URL: /cakeUnitTest/public/cakeUnitTest/public/favicon.ico
Stack Trace:
#0 /vagrant/cakeUnitTest/public/webroot/index.php(110): Dispatcher->dispatch(Object(CakeRequest), Object(CakeResponse))
#1 {main}
2014-09-25 07:51:25 Error: [MissingControllerException] Controller class CakeUnitTestController could not be found.
Exception Attributes: array (
  'class' => 'CakeUnitTestController',
  'plugin' => NULL,
)
Request URL: /cakeUnitTest/public/cakeUnitTest/public/favicon.ico
Stack Trace:
#0 /vagrant/cakeUnitTest/public/webroot/index.php(110): Dispatcher->dispatch(Object(CakeRequest), Object(CakeResponse))
#1 {main}
2014-09-25 08:05:38 Error: [MissingControllerException] Controller class CakeunittestController could not be found.
Exception Attributes: array (
  'class' => 'CakeunittestController',
  'plugin' => NULL,
)
Request URL: /cakeUnitTest/public/cakeunittest/
Stack Trace:
#0 /vagrant/cakeUnitTest/public/webroot/index.php(110): Dispatcher->dispatch(Object(CakeRequest), Object(CakeResponse))
#1 {main}
2014-09-25 08:05:41 Error: [MissingControllerException] Controller class CakeUnitTestController could not be found.
Exception Attributes: array (
  'class' => 'CakeUnitTestController',
  'plugin' => NULL,
)
Request URL: /cakeUnitTest/public/cakeUnitTest/public/favicon.ico
Stack Trace:
#0 /vagrant/cakeUnitTest/public/webroot/index.php(110): Dispatcher->dispatch(Object(CakeRequest), Object(CakeResponse))
#1 {main}
2014-09-25 08:05:42 Error: [MissingControllerException] Controller class CakeUnitTestController could not be found.
Exception Attributes: array (
  'class' => 'CakeUnitTestController',
  'plugin' => NULL,
)
Request URL: /cakeUnitTest/public/cakeUnitTest/public/favicon.ico
Stack Trace:
#0 /vagrant/cakeUnitTest/public/webroot/index.php(110): Dispatcher->dispatch(Object(CakeRequest), Object(CakeResponse))
#1 {main}
2014-09-25 08:07:14 Error: [MissingControllerException] Controller class CakeunittestController could not be found.
Exception Attributes: array (
  'class' => 'CakeunittestController',
  'plugin' => NULL,
)
Request URL: /cakeUnitTest/public/cakeunittest/
Stack Trace:
#0 /vagrant/cakeUnitTest/public/webroot/index.php(110): Dispatcher->dispatch(Object(CakeRequest), Object(CakeResponse))
#1 {main}
2014-09-25 08:07:16 Error: [MissingControllerException] Controller class CakeUnitTestController could not be found.
Exception Attributes: array (
  'class' => 'CakeUnitTestController',
  'plugin' => NULL,
)
Request URL: /cakeUnitTest/public/cakeUnitTest/public/favicon.ico
Stack Trace:
#0 /vagrant/cakeUnitTest/public/webroot/index.php(110): Dispatcher->dispatch(Object(CakeRequest), Object(CakeResponse))
#1 {main}
2014-09-25 08:07:17 Error: [MissingControllerException] Controller class CakeUnitTestController could not be found.
Exception Attributes: array (
  'class' => 'CakeUnitTestController',
  'plugin' => NULL,
)
Request URL: /cakeUnitTest/public/cakeUnitTest/public/favicon.ico
Stack Trace:
#0 /vagrant/cakeUnitTest/public/webroot/index.php(110): Dispatcher->dispatch(Object(CakeRequest), Object(CakeResponse))
#1 {main}
2014-09-25 08:07:19 Error: [MissingControllerException] Controller class CakeunittestController could not be found.
Exception Attributes: array (
  'class' => 'CakeunittestController',
  'plugin' => NULL,
)
Request URL: /cakeUnitTest/public/cakeunittest/
Stack Trace:
#0 /vagrant/cakeUnitTest/public/webroot/index.php(110): Dispatcher->dispatch(Object(CakeRequest), Object(CakeResponse))
#1 {main}
2014-09-25 08:07:21 Error: [MissingControllerException] Controller class CakeUnitTestController could not be found.
Exception Attributes: array (
  'class' => 'CakeUnitTestController',
  'plugin' => NULL,
)
Request URL: /cakeUnitTest/public/cakeUnitTest/public/favicon.ico
Stack Trace:
#0 /vagrant/cakeUnitTest/public/webroot/index.php(110): Dispatcher->dispatch(Object(CakeRequest), Object(CakeResponse))
#1 {main}
2014-09-25 08:07:22 Error: [MissingControllerException] Controller class CakeUnitTestController could not be found.
Exception Attributes: array (
  'class' => 'CakeUnitTestController',
  'plugin' => NULL,
)
Request URL: /cakeUnitTest/public/cakeUnitTest/public/favicon.ico
Stack Trace:
#0 /vagrant/cakeUnitTest/public/webroot/index.php(110): Dispatcher->dispatch(Object(CakeRequest), Object(CakeResponse))
#1 {main}
2014-09-25 08:07:32 Error: [MissingControllerException] Controller class CakeunittestController could not be found.
Exception Attributes: array (
  'class' => 'CakeunittestController',
  'plugin' => NULL,
)
Request URL: /cakeUnitTest/public/cakeunittest/public/
Stack Trace:
#0 /vagrant/cakeUnitTest/public/webroot/index.php(110): Dispatcher->dispatch(Object(CakeRequest), Object(CakeResponse))
#1 {main}
2014-09-25 08:07:33 Error: [MissingControllerException] Controller class CakeUnitTestController could not be found.
Exception Attributes: array (
  'class' => 'CakeUnitTestController',
  'plugin' => NULL,
)
Request URL: /cakeUnitTest/public/cakeUnitTest/public/favicon.ico
Stack Trace:
#0 /vagrant/cakeUnitTest/public/webroot/index.php(110): Dispatcher->dispatch(Object(CakeRequest), Object(CakeResponse))
#1 {main}
2014-09-25 08:07:34 Error: [MissingControllerException] Controller class CakeUnitTestController could not be found.
Exception Attributes: array (
  'class' => 'CakeUnitTestController',
  'plugin' => NULL,
)
Request URL: /cakeUnitTest/public/cakeUnitTest/public/favicon.ico
Stack Trace:
#0 /vagrant/cakeUnitTest/public/webroot/index.php(110): Dispatcher->dispatch(Object(CakeRequest), Object(CakeResponse))
#1 {main}
2014-09-25 08:07:35 Error: [MissingControllerException] Controller class CakeunittestController could not be found.
Exception Attributes: array (
  'class' => 'CakeunittestController',
  'plugin' => NULL,
)
Request URL: /cakeUnitTest/public/cakeunittest/
Stack Trace:
#0 /vagrant/cakeUnitTest/public/webroot/index.php(110): Dispatcher->dispatch(Object(CakeRequest), Object(CakeResponse))
#1 {main}
2014-09-25 08:07:37 Error: [MissingControllerException] Controller class CakeUnitTestController could not be found.
Exception Attributes: array (
  'class' => 'CakeUnitTestController',
  'plugin' => NULL,
)
Request URL: /cakeUnitTest/public/cakeUnitTest/public/favicon.ico
Stack Trace:
#0 /vagrant/cakeUnitTest/public/webroot/index.php(110): Dispatcher->dispatch(Object(CakeRequest), Object(CakeResponse))
#1 {main}
2014-09-25 08:07:38 Error: [MissingControllerException] Controller class CakeUnitTestController could not be found.
Exception Attributes: array (
  'class' => 'CakeUnitTestController',
  'plugin' => NULL,
)
Request URL: /cakeUnitTest/public/cakeUnitTest/public/favicon.ico
Stack Trace:
#0 /vagrant/cakeUnitTest/public/webroot/index.php(110): Dispatcher->dispatch(Object(CakeRequest), Object(CakeResponse))
#1 {main}
2014-09-25 08:11:26 Error: [MissingControllerException] Controller class CakeunittestController could not be found.
Exception Attributes: array (
  'class' => 'CakeunittestController',
  'plugin' => NULL,
)
Request URL: /cakeUnitTest/public/cakeunittest/users/login
Stack Trace:
#0 /vagrant/cakeUnitTest/public/webroot/index.php(110): Dispatcher->dispatch(Object(CakeRequest), Object(CakeResponse))
#1 {main}
2014-09-25 08:11:28 Error: [MissingControllerException] Controller class CakeUnitTestController could not be found.
Exception Attributes: array (
  'class' => 'CakeUnitTestController',
  'plugin' => NULL,
)
Request URL: /cakeUnitTest/public/cakeUnitTest/public/favicon.ico
Stack Trace:
#0 /vagrant/cakeUnitTest/public/webroot/index.php(110): Dispatcher->dispatch(Object(CakeRequest), Object(CakeResponse))
#1 {main}
2014-09-25 08:11:29 Error: [MissingControllerException] Controller class CakeUnitTestController could not be found.
Exception Attributes: array (
  'class' => 'CakeUnitTestController',
  'plugin' => NULL,
)
Request URL: /cakeUnitTest/public/cakeUnitTest/public/favicon.ico
Stack Trace:
#0 /vagrant/cakeUnitTest/public/webroot/index.php(110): Dispatcher->dispatch(Object(CakeRequest), Object(CakeResponse))
#1 {main}
2014-09-25 08:12:18 Error: [MissingControllerException] Controller class CakeunittestController could not be found.
Exception Attributes: array (
  'class' => 'CakeunittestController',
  'plugin' => NULL,
)
Request URL: /cakeunittest/cakeunittest/favicon.ico
Stack Trace:
#0 /vagrant/cakeUnitTest/public/webroot/index.php(110): Dispatcher->dispatch(Object(CakeRequest), Object(CakeResponse))
#1 {main}
2014-09-25 08:12:19 Error: [MissingControllerException] Controller class CakeunittestController could not be found.
Exception Attributes: array (
  'class' => 'CakeunittestController',
  'plugin' => NULL,
)
Request URL: /cakeunittest/cakeunittest/favicon.ico
Stack Trace:
#0 /vagrant/cakeUnitTest/public/webroot/index.php(110): Dispatcher->dispatch(Object(CakeRequest), Object(CakeResponse))
#1 {main}
2014-09-25 08:16:01 Error: [MissingControllerException] Controller class CakeunittestController could not be found.
Exception Attributes: array (
  'class' => 'CakeunittestController',
  'plugin' => NULL,
)
Request URL: /cakeunittest/cakeunittest/favicon.ico
Stack Trace:
#0 /vagrant/cakeUnitTest/public/webroot/index.php(110): Dispatcher->dispatch(Object(CakeRequest), Object(CakeResponse))
#1 {main}
2014-09-25 08:16:02 Error: [MissingControllerException] Controller class CakeunittestController could not be found.
Exception Attributes: array (
  'class' => 'CakeunittestController',
  'plugin' => NULL,
)
Request URL: /cakeunittest/cakeunittest/favicon.ico
Stack Trace:
#0 /vagrant/cakeUnitTest/public/webroot/index.php(110): Dispatcher->dispatch(Object(CakeRequest), Object(CakeResponse))
#1 {main}
